{"C:\\Users\\Andy\\Documents\\Proyectos\\Pr-ctica-3\\src\\main.js": {"path":"C:\\Users\\Andy\\Documents\\Proyectos\\Pr-ctica-3\\src\\main.js","statementMap":{"0":{"start":{"line":1,"column":20},"end":{"line":1,"column":30}},"1":{"start":{"line":1,"column":27},"end":{"line":1,"column":30}},"2":{"start":{"line":2,"column":0},"end":{"line":2,"column":84}}},"fnMap":{"0":{"name":"(anonymous_0)","decl":{"start":{"line":1,"column":20},"end":{"line":1,"column":21}},"loc":{"start":{"line":1,"column":27},"end":{"line":1,"column":30}},"line":1}},"branchMap":{},"s":{"0":1,"1":1,"2":1},"f":{"0":1},"b":{},"inputSourceMap":null,"_coverageSchema":"1a1c01bbd47fc00a2c39e90264f33305004495a9","hash":"0a3112bad67acf9071c30d8c89ce2b08d5afe46b"}
}
